{
  "RSpec": {
    "coverage": {
      "/home/user/1mobile_assignment/lib/application.rb": [
        null,
        1,
        1,
        null,
        1,
        null,
        null,
        1,
        1,
        1,
        1,
        50,
        50,
        null,
        1,
        null,
        null,
        1,
        1,
        1,
        1,
        51,
        1,
        null,
        null,
        1,
        1,
        1,
        1,
        51,
        1,
        null,
        null
      ],
      "/home/user/1mobile_assignment/lib/checkurl.rb": [
        1,
        null,
        1,
        1,
        2,
        2,
        null,
        1,
        null,
        null,
        null
      ],
      "/home/user/1mobile_assignment/lib/category.rb": [
        null,
        null,
        1,
        1,
        1,
        null,
        1,
        1,
        1,
        1,
        1,
        39,
        39,
        null,
        1,
        null,
        null,
        1,
        1,
        1,
        1,
        40,
        1,
        null,
        null,
        null,
        null,
        null,
        null,
        null,
        null,
        null,
        null
      ],
      "/home/user/1mobile_assignment/lib/apps.rb": [
        null,
        1,
        1,
        null,
        1,
        1,
        1,
        1,
        1,
        1,
        1,
        null,
        1,
        null,
        null,
        1,
        1,
        1,
        1,
        7,
        1,
        6,
        null,
        1,
        null,
        null
      ],
      "/home/user/1mobile_assignment/lib/con_db.rb": [
        1,
        null,
        1,
        1,
        1,
        1,
        null,
        null,
        1,
        1,
        null,
        0,
        null,
        null,
        1,
        1,
        1,
        1,
        1,
        1,
        1,
        null,
        0,
        null,
        null
      ],
      "/home/user/1mobile_assignment/spec/application_spec.rb": [
        1,
        null,
        1,
        1,
        1,
        1,
        null,
        null,
        null,
        1,
        1,
        1,
        null,
        null,
        null,
        1,
        1,
        1,
        null,
        null,
        null,
        null
      ],
      "/home/user/1mobile_assignment/spec/apps_spec.rb": [
        1,
        null,
        1,
        1,
        1,
        1,
        null,
        null,
        null,
        1,
        1,
        1,
        null,
        null,
        null
      ],
      "/home/user/1mobile_assignment/spec/category_spec.rb": [
        1,
        null,
        1,
        1,
        1,
        1,
        null,
        null,
        null,
        1,
        1,
        1,
        null,
        null,
        null,
        null
      ],
      "/home/user/1mobile_assignment/spec/checkurl_spec.rb": [
        1,
        null,
        1,
        1,
        1,
        1,
        1,
        null,
        null,
        null
      ],
      "/home/user/1mobile_assignment/spec/con_db_spec.rb": [
        1,
        null,
        1,
        null,
        1,
        1,
        1,
        null,
        null,
        1,
        1,
        1,
        null,
        null,
        1,
        1,
        1,
        null,
        null,
        null
      ]
    },
    "timestamp": 1410865787
  }
}
